# Logfile created on 2014-02-13 21:55:28 -0500 by logger.rb/31641
I, [2014-02-13T21:55:28.262955 #277726]  INFO -- : 0:  rake (10.1.1) from /usr/libexec/openshift/cartridges/c9-0.1/root/lib/ruby/gems/specifications/rake-10.1.1.gemspec
I, [2014-02-13T21:55:28.264150 #277726]  INFO -- : 0:  i18n (0.6.9) from /usr/libexec/openshift/cartridges/c9-0.1/root/lib/ruby/gems/specifications/i18n-0.6.9.gemspec
I, [2014-02-13T21:55:28.336636 #277726]  INFO -- : 0:  minitest (4.7.5) from /usr/libexec/openshift/cartridges/c9-0.1/root/lib/ruby/gems/specifications/minitest-4.7.5.gemspec
I, [2014-02-13T21:55:28.337516 #277726]  INFO -- : 0:  multi_json (1.8.4) from /usr/libexec/openshift/cartridges/c9-0.1/root/lib/ruby/gems/specifications/multi_json-1.8.4.gemspec
I, [2014-02-13T21:55:28.338757 #277726]  INFO -- : 0:  atomic (1.1.14) from /usr/libexec/openshift/cartridges/c9-0.1/root/lib/ruby/gems/specifications/atomic-1.1.14.gemspec
I, [2014-02-13T21:55:28.339543 #277726]  INFO -- : 0:  thread_safe (0.1.3) from /usr/libexec/openshift/cartridges/c9-0.1/root/lib/ruby/gems/specifications/thread_safe-0.1.3.gemspec
I, [2014-02-13T21:55:28.340337 #277726]  INFO -- : 0:  tzinfo (0.3.38) from /usr/libexec/openshift/cartridges/c9-0.1/root/lib/ruby/gems/specifications/tzinfo-0.3.38.gemspec
I, [2014-02-13T21:55:28.341073 #277726]  INFO -- : 0:  activesupport (4.0.0) from /usr/libexec/openshift/cartridges/c9-0.1/root/lib/ruby/gems/specifications/activesupport-4.0.0.gemspec
I, [2014-02-13T21:55:28.341860 #277726]  INFO -- : 0:  builder (3.1.4) from /usr/libexec/openshift/cartridges/c9-0.1/root/lib/ruby/gems/specifications/builder-3.1.4.gemspec
I, [2014-02-13T21:55:28.342647 #277726]  INFO -- : 0:  erubis (2.7.0) from /usr/libexec/openshift/cartridges/c9-0.1/root/lib/ruby/gems/specifications/erubis-2.7.0.gemspec
I, [2014-02-13T21:55:28.343415 #277726]  INFO -- : 0:  rack (1.5.2) from /usr/libexec/openshift/cartridges/c9-0.1/root/lib/ruby/gems/specifications/rack-1.5.2.gemspec
I, [2014-02-13T21:55:28.344209 #277726]  INFO -- : 0:  rack-test (0.6.2) from /usr/libexec/openshift/cartridges/c9-0.1/root/lib/ruby/gems/specifications/rack-test-0.6.2.gemspec
I, [2014-02-13T21:55:28.345028 #277726]  INFO -- : 0:  actionpack (4.0.0) from /usr/libexec/openshift/cartridges/c9-0.1/root/lib/ruby/gems/specifications/actionpack-4.0.0.gemspec
I, [2014-02-13T21:55:28.345819 #277726]  INFO -- : 0:  mime-types (1.25.1) from /usr/libexec/openshift/cartridges/c9-0.1/root/lib/ruby/gems/specifications/mime-types-1.25.1.gemspec
I, [2014-02-13T21:55:28.346608 #277726]  INFO -- : 0:  polyglot (0.3.3) from /usr/libexec/openshift/cartridges/c9-0.1/root/lib/ruby/gems/specifications/polyglot-0.3.3.gemspec
I, [2014-02-13T21:55:28.347378 #277726]  INFO -- : 0:  treetop (1.4.15) from /usr/libexec/openshift/cartridges/c9-0.1/root/lib/ruby/gems/specifications/treetop-1.4.15.gemspec
I, [2014-02-13T21:55:28.348139 #277726]  INFO -- : 0:  mail (2.5.4) from /usr/libexec/openshift/cartridges/c9-0.1/root/lib/ruby/gems/specifications/mail-2.5.4.gemspec
I, [2014-02-13T21:55:28.348907 #277726]  INFO -- : 0:  actionmailer (4.0.0) from /usr/libexec/openshift/cartridges/c9-0.1/root/lib/ruby/gems/specifications/actionmailer-4.0.0.gemspec
I, [2014-02-13T21:55:28.349692 #277726]  INFO -- : 0:  activemodel (4.0.0) from /usr/libexec/openshift/cartridges/c9-0.1/root/lib/ruby/gems/specifications/activemodel-4.0.0.gemspec
I, [2014-02-13T21:55:28.350447 #277726]  INFO -- : 0:  activerecord-deprecated_finders (1.0.3) from /usr/libexec/openshift/cartridges/c9-0.1/root/lib/ruby/gems/specifications/activerecord-deprecated_finders-1.0.3.gemspec
I, [2014-02-13T21:55:28.351248 #277726]  INFO -- : 0:  arel (4.0.2) from /var/lib/stickshift/52f1f6f04382ec4a6a0001e5/app-root/data/lib/ruby/gems/specifications/arel-4.0.2.gemspec
I, [2014-02-13T21:55:28.352026 #277726]  INFO -- : 0:  activerecord (4.0.0) from /usr/libexec/openshift/cartridges/c9-0.1/root/lib/ruby/gems/specifications/activerecord-4.0.0.gemspec
I, [2014-02-13T21:55:28.352755 #277726]  INFO -- : 0:  bundler (1.5.1) from /usr/libexec/openshift/cartridges/c9-0.1/root/lib/ruby/gems/specifications/bundler-1.5.1.gemspec
I, [2014-02-13T21:55:28.353621 #277726]  INFO -- : 0:  coffee-script-source (1.7.0) from /var/lib/stickshift/52f1f6f04382ec4a6a0001e5/app-root/data/lib/ruby/gems/specifications/coffee-script-source-1.7.0.gemspec
I, [2014-02-13T21:55:28.354388 #277726]  INFO -- : 0:  execjs (2.0.2) from /usr/libexec/openshift/cartridges/c9-0.1/root/lib/ruby/gems/specifications/execjs-2.0.2.gemspec
I, [2014-02-13T21:55:28.355137 #277726]  INFO -- : 0:  coffee-script (2.2.0) from /usr/libexec/openshift/cartridges/c9-0.1/root/lib/ruby/gems/specifications/coffee-script-2.2.0.gemspec
I, [2014-02-13T21:55:28.355980 #277726]  INFO -- : 0:  thor (0.18.1) from /usr/libexec/openshift/cartridges/c9-0.1/root/lib/ruby/gems/specifications/thor-0.18.1.gemspec
I, [2014-02-13T21:55:28.356723 #277726]  INFO -- : 0:  railties (4.0.0) from /usr/libexec/openshift/cartridges/c9-0.1/root/lib/ruby/gems/specifications/railties-4.0.0.gemspec
I, [2014-02-13T21:55:28.361006 #277726]  INFO -- : 0:  coffee-rails (4.0.1) from /usr/libexec/openshift/cartridges/c9-0.1/root/lib/ruby/gems/specifications/coffee-rails-4.0.1.gemspec
I, [2014-02-13T21:55:28.361979 #277726]  INFO -- : 0:  hike (1.2.3) from /usr/libexec/openshift/cartridges/c9-0.1/root/lib/ruby/gems/specifications/hike-1.2.3.gemspec
I, [2014-02-13T21:55:28.362766 #277726]  INFO -- : 0:  jbuilder (1.5.3) from /usr/libexec/openshift/cartridges/c9-0.1/root/lib/ruby/gems/specifications/jbuilder-1.5.3.gemspec
I, [2014-02-13T21:55:28.363584 #277726]  INFO -- : 0:  jquery-rails (3.1.0) from /var/lib/stickshift/52f1f6f04382ec4a6a0001e5/app-root/data/lib/ruby/gems/specifications/jquery-rails-3.1.0.gemspec
I, [2014-02-13T21:55:28.364380 #277726]  INFO -- : 0:  json (1.8.1) from /usr/libexec/openshift/cartridges/c9-0.1/root/lib/ruby/gems/specifications/json-1.8.1.gemspec
I, [2014-02-13T21:56:24.443527 #277726]  INFO -- : 0:  pg (0.17.1) from /var/lib/stickshift/52f1f6f04382ec4a6a0001e5/app-root/data/lib/ruby/gems/specifications/pg-0.17.1.gemspec
I, [2014-02-13T21:56:24.445400 #277726]  INFO -- : 0:  tilt (1.4.1) from /usr/libexec/openshift/cartridges/c9-0.1/root/lib/ruby/gems/specifications/tilt-1.4.1.gemspec
I, [2014-02-13T21:56:24.446491 #277726]  INFO -- : 0:  sprockets (2.10.1) from /usr/libexec/openshift/cartridges/c9-0.1/root/lib/ruby/gems/specifications/sprockets-2.10.1.gemspec
I, [2014-02-13T21:56:24.447441 #277726]  INFO -- : 0:  sprockets-rails (2.0.1) from /usr/libexec/openshift/cartridges/c9-0.1/root/lib/ruby/gems/specifications/sprockets-rails-2.0.1.gemspec
I, [2014-02-13T21:56:24.448452 #277726]  INFO -- : 0:  rails (4.0.0) from /usr/libexec/openshift/cartridges/c9-0.1/root/lib/ruby/gems/specifications/rails-4.0.0.gemspec
I, [2014-02-13T21:56:24.449469 #277726]  INFO -- : 0:  rdoc (4.1.1) from /usr/libexec/openshift/cartridges/c9-0.1/root/lib/ruby/gems/specifications/rdoc-4.1.1.gemspec
I, [2014-02-13T21:56:24.450462 #277726]  INFO -- : 0:  sass (3.2.14) from /var/lib/stickshift/52f1f6f04382ec4a6a0001e5/app-root/data/lib/ruby/gems/specifications/sass-3.2.14.gemspec
I, [2014-02-13T21:56:24.451440 #277726]  INFO -- : 0:  sass-rails (4.0.1) from /usr/libexec/openshift/cartridges/c9-0.1/root/lib/ruby/gems/specifications/sass-rails-4.0.1.gemspec
I, [2014-02-13T21:56:24.452510 #277726]  INFO -- : 0:  sdoc (0.4.0) from /usr/libexec/openshift/cartridges/c9-0.1/root/lib/ruby/gems/specifications/sdoc-0.4.0.gemspec
I, [2014-02-13T21:56:24.453626 #277726]  INFO -- : 0:  turbolinks (2.2.1) from /var/lib/stickshift/52f1f6f04382ec4a6a0001e5/app-root/data/lib/ruby/gems/specifications/turbolinks-2.2.1.gemspec
I, [2014-02-13T21:56:24.454637 #277726]  INFO -- : 0:  uglifier (2.4.0) from /usr/libexec/openshift/cartridges/c9-0.1/root/lib/ruby/gems/specifications/uglifier-2.4.0.gemspec
